<?xml version="1.0" encoding="UTF-8"?>
<beans xmlns="http://www.springframework.org/schema/beans"
	xmlns:xsi="http://www.w3.org/2001/XMLSchema-instance" xmlns:mvc="http://www.springframework.org/schema/mvc"
	xmlns:aop="http://www.springframework.org/schema/aop" xmlns:context="http://www.springframework.org/schema/context"
	xmlns:p="http://www.springframework.org/schema/p" xmlns:c="http://www.springframework.org/schema/c"
	xmlns:tx="http://www.springframework.org/schema/tx" xmlns:task="http://www.springframework.org/schema/task"
	xmlns:cache="http://www.springframework.org/schema/cache"


	xsi:schemaLocation="http://www.springframework.org/schema/beans 
						http://www.springframework.org/schema/beans/spring-beans.xsd
						http://www.springframework.org/schema/aop 
						http://www.springframework.org/schema/aop/spring-aop.xsd
						http://www.springframework.org/schema/context 
						http://www.springframework.org/schema/context/spring-context.xsd
						http://www.springframework.org/schema/tx 
						http://www.springframework.org/schema/tx/spring-tx.xsd
						http://www.springframework.org/schema/mvc 
						http://www.springframework.org/schema/mvc/spring-mvc.xsd
						http://www.springframework.org/schema/cache
						http://www.springframework.org/schema/cache/spring-cache.xsd
						http://www.springframework.org/schema/task 
						http://www.springframework.org/schema/task/spring-task.xsd ">

	<context:component-scan base-package="com.avalon.workbench.repository" />


	<context:annotation-config />

	<context:property-override location="classpath:jdbc.properties" />

	<bean id="dataSource" class="org.apache.commons.dbcp.BasicDataSource" />

	<bean id="jdbcTemplate" class="org.springframework.jdbc.core.JdbcTemplate"
		c:_0-ref="dataSource" />


	<!-- <bean id="sessionFactory" class="org.springframework.orm.hibernate4.LocalSessionFactoryBean"> 
		<property name="dataSource"> <ref bean="dataSource" /> </property> <property 
		name="hibernateProperties"> <props> <prop key="hibernate.dialect">org.hibernate.dialect.MySQLDialect</prop> 
		<prop key="hibernate.show_sql">true</prop> </props> </property> <property 
		name="packagesToScan" value="com.avalon.workbench.entities" /> </bean> -->

</beans>